0 info it worked if it ends with ok
1 verbose cli [ '/usr/local/bin/node',
1 verbose cli   '/usr/local/bin/npm',
1 verbose cli   'stop',
1 verbose cli   '--producttion' ]
2 info using npm@1.4.3
3 info using node@v0.10.26
4 error Error: ENOENT, open '/var/www/nodejs/ghost/content/themes/package.json'
5 error If you need help, you may report this *entire* log,
5 error including the npm and node versions, at:
5 error     <http://github.com/npm/npm/issues>
6 error System Linux 2.6.32-431.1.2.0.1.el6.x86_64
7 error command "/usr/local/bin/node" "/usr/local/bin/npm" "stop" "--producttion"
8 error cwd /var/www/nodejs/ghost/content/themes
9 error node -v v0.10.26
10 error npm -v 1.4.3
11 error path /var/www/nodejs/ghost/content/themes/package.json
12 error code ENOENT
13 error errno 34
14 verbose exit [ 34, true ]
